Arguments: 
  C:\Program Files\nodejs\node.exe C:\Users\devsayyod\AppData\Roaming\npm\node_modules\yarn\bin\yarn.js add axios

PATH: 
  C:\Program Files\Common Files\Oracle\Java\javapath;C:\Python39\Scripts\;C:\Python39\;C:\Windows\system32;C:\Windows;C:\Windows\System32\Wbem;C:\Windows\System32\WindowsPowerShell\v1.0\;C:\Windows\System32\OpenSSH\;C:\ProgramData\chocolatey\bin;C:\Program Files\Git\cmd;C:\Program Files\Redis\;C:\Program Files\OpenJDK\openjdk-8u302-b08\bin;C:\Users\devsayyod\AppData\Local\Microsoft\WindowsApps;C:\Users\devsayyod\AppData\Local\Programs\Microsoft VS Code\bin;C:\src\flutter\bin;C:\Users\devsayyod\AppData\Roaming\npm;C:\adb;C:\Program Files\Java\jdk-11.0.12\bin;C:\Program Files\dotnet\;C:\Program Files\nodejs\;C:\Users\devsayyod\AppData\Local\Microsoft\WindowsApps;C:\Users\devsayyod\AppData\Local\Programs\Microsoft VS Code\bin;C:\src\flutter\bin;C:\Users\devsayyod\AppData\Local\GitHubDesktop\bin;C:\Users\devsayyod\AppData\Local\Android\Sdk\platform-tools;C:\Users\devsayyod\AppData\Roaming\npm

Yarn version: 
  1.22.17

Node version: 
  16.14.0

Platform: 
  win32 x64

Trace: 
  Error: EPERM: operation not permitted, copyfile 'C:\Users\devsayyod\AppData\Local\Yarn\Cache\v6\npm-events-3.3.0-31a95ad0a924e2d2c419a813aeb2c4e878ea7400-integrity\node_modules\events\package.json' -> 'C:\Users\devsayyod\lesson1\node_modules\events\package.json'

npm manifest: 
  {
    "name": "lesson1",
    "version": "0.1.0",
    "private": true,
    "dependencies": {
      "@testing-library/jest-dom": "^5.16.2",
      "@testing-library/react": "^12.1.3",
      "@testing-library/user-event": "^13.5.0",
      "dayjs": "^1.10.7",
      "react": "^17.0.2",
      "react-dom": "^17.0.2",
      "react-scripts": "5.0.0",
      "web-vitals": "^2.1.4"
    },
    "scripts": {
      "start": "react-scripts start",
      "build": "react-scripts build",
      "test": "react-scripts test",
      "eject": "react-scripts eject"
    },
    "eslintConfig": {
      "extends": [
        "react-app",
        "react-app/jest"
      ]
    },
    "browserslist": {
      "production": [
        ">0.2%",
        "not dead",
        "not op_mini all"
      ],
      "development": [
        "last 1 chrome version",
        "last 1 firefox version",
        "last 1 safari version"
      ]
    }
  }

yarn manifest: 
  No manifest

Lockfile: 
  No lockfile
